<?xml version="1.0" encoding="UTF-8"?>
<!-- Generated by org.testng.reporters.JUnitReportReporter -->
<testsuite skipped="0" hostname="Biswajit-PC" name="com.oa.crmpro.utility.DB" tests="1" failures="0" timestamp="2019-12-06T01:41:10 IST" time="1.779" errors="0">
  <testcase name="Test" time="1.779" classname="com.oa.crmpro.utility.DB"/>
</testsuite> <!-- com.oa.crmpro.utility.DB -->
